\BOOKMARK [0][-]{chapter.1}{Einleitung}{}% 1
\BOOKMARK [0][-]{chapter.2}{Grundlagen}{}% 2
\BOOKMARK [1][-]{section.2.1}{Bandstruktur von Gruppe-III Nitriden}{chapter.2}% 3
\BOOKMARK [1][-]{section.2.2}{Wurtzitstruktur}{chapter.2}% 4
\BOOKMARK [1][-]{section.2.3}{Polarisationsfeld und QCSE in III/V Halbleitern}{chapter.2}% 5
\BOOKMARK [1][-]{section.2.4}{Metallorganische Gasphasenepitaxie von AlGaN}{chapter.2}% 6
\BOOKMARK [1][-]{section.2.5}{Substrat}{chapter.2}% 7
\BOOKMARK [1][-]{section.2.6}{Defektreduktion durch ELO/AlN-Saphir}{chapter.2}% 8
\BOOKMARK [1][-]{section.2.7}{Rekombinationsmechanismen}{chapter.2}% 9
\BOOKMARK [1][-]{section.2.8}{Bestimmung der internen Quanteneffizienz}{chapter.2}% 10
\BOOKMARK [1][-]{section.2.9}{Bestimmung der IQE bei Raumtemperatur durch Fitting}{chapter.2}% 11
\BOOKMARK [0][-]{chapter.3}{Optische Polarisation und Valenzbandstuktur}{}% 12
\BOOKMARK [0][-]{chapter.4}{Aufbau}{}% 13
\BOOKMARK [1][-]{section.4.1}{Photolumineszenzaufbau}{chapter.4}% 14
\BOOKMARK [1][-]{section.4.2}{Messaufbau Lichtpolarisation}{chapter.4}% 15
\BOOKMARK [1][-]{section.4.3}{Bestimmung der Degradation des UV Quarzglases}{chapter.4}% 16
\BOOKMARK [1][-]{section.4.4}{Erweiterung der Filterkombinationen}{chapter.4}% 17
\BOOKMARK [0][-]{chapter.5}{Einfluss der Auger-Rekombination auf die IQE}{}% 18
\BOOKMARK [0][-]{chapter.6}{Untersuchung des MQW-Designs von AlGaN-Heterostrukturen}{}% 19
\BOOKMARK [1][-]{section.6.1}{Einleitung}{chapter.6}% 20
\BOOKMARK [1][-]{section.6.2}{Messergebnisse}{chapter.6}% 21
\BOOKMARK [1][-]{section.6.3}{Einfluss der Silizium-Dotierung}{chapter.6}% 22
\BOOKMARK [1][-]{section.6.4}{Vergleich mit Simulationen}{chapter.6}% 23
\BOOKMARK [1][-]{section.6.5}{Zusammenfassung}{chapter.6}% 24
\BOOKMARK [0][-]{chapter.7}{Untersuchung optisch gepumpter Laserstrukturen auf unterschiedlichen Templates}{}% 25
\BOOKMARK [1][-]{section.7.1}{Einleitung}{chapter.7}% 26
\BOOKMARK [1][-]{section.7.2}{UVC-Laser Strukturen auf ELO ohne \334bergitter}{chapter.7}% 27
\BOOKMARK [1][-]{section.7.3}{UVC-Laser Strukturen auf ELO mit \334bergitter}{chapter.7}% 28
\BOOKMARK [1][-]{section.7.4}{Zusammenfassung}{chapter.7}% 29
\BOOKMARK [0][-]{chapter.8}{Untersuchung der optischen Polarisation an AlGaN MQWs mit Photolumineszenzspektroskopie}{}% 30
\BOOKMARK [1][-]{section.8.1}{Einleitung}{chapter.8}% 31
\BOOKMARK [1][-]{section.8.2}{Variation des Al-Gehalts in den QWs}{chapter.8}% 32
\BOOKMARK [1][-]{section.8.3}{Variation der QW-Dicke}{chapter.8}% 33
\BOOKMARK [1][-]{section.8.4}{Bestimmung der IQE bei Raumtemperatur}{chapter.8}% 34
