This is pdfTeX, Version 3.14159265-2.6-1.40.17 (MiKTeX 2.9.6100 64-bit) (preloaded format=pdflatex 2017.2.7)  28 AUG 2018 17:31
entering extended mode
**./Masterarbeit.tex
(Masterarbeit.tex
LaTeX2e <2016/03/31> patch level 3
Babel <3.9r> and hyphenation patterns for 75 language(s) loaded.
("C:\Program Files\MiKTeX 2.9\tex\latex\base\book.cls"
Document Class: book 2014/09/29 v1.4h Standard LaTeX document class
("C:\Program Files\MiKTeX 2.9\tex\latex\base\bk12.clo"
File: bk12.clo 2014/09/29 v1.4h Standard LaTeX file (size option)
)
\c@part=\count79
\c@chapter=\count80
\c@section=\count81
\c@subsection=\count82
\c@subsubsection=\count83
\c@paragraph=\count84
\c@subparagraph=\count85
\c@figure=\count86
\c@table=\count87
\abovecaptionskip=\skip41
\belowcaptionskip=\skip42
\bibindent=\dimen102
)
(C:\Users\studi\AppData\Roaming\MiKTeX\2.9\tex\latex\adjustbox\adjustbox.sty
Package: adjustbox 2018/04/08 v1.1 Adjusting TeX boxes (trim, clip, ...)

("C:\Program Files\MiKTeX 2.9\tex\latex\xkeyval\xkeyval.sty"
Package: xkeyval 2014/12/03 v2.7a package option processing (HA)

("C:\Program Files\MiKTeX 2.9\tex\generic\xkeyval\xkeyval.tex"
("C:\Program Files\MiKTeX 2.9\tex\generic\xkeyval\xkvutils.tex"
\XKV@toks=\toks14
\XKV@tempa@toks=\toks15

("C:\Program Files\MiKTeX 2.9\tex\generic\xkeyval\keyval.tex"))
\XKV@depth=\count88
File: xkeyval.tex 2014/12/03 v2.7a key=value parser (HA)
))
(C:\Users\studi\AppData\Roaming\MiKTeX\2.9\tex\latex\adjustbox\adjcalc.sty
Package: adjcalc 2012/05/16 v1.1 Provides advanced setlength with multiple back-ends (calc, etex, pgfmath)
)
(C:\Users\studi\AppData\Roaming\MiKTeX\2.9\tex\latex\adjustbox\trimclip.sty
Package: trimclip 2018/04/08 v1.1 Trim and clip general TeX material

("C:\Program Files\MiKTeX 2.9\tex\latex\graphics\graphicx.sty"
Package: graphicx 2014/10/28 v1.0g Enhanced LaTeX Graphics (DPC,SPQR)

("C:\Program Files\MiKTeX 2.9\tex\latex\graphics\graphics.sty"
Package: graphics 2016/07/10 v1.0t Standard LaTeX Graphics (DPC,SPQR)
 ("C:\Program Files\MiKTeX 2.9\tex\latex\graphics\trig.sty"
Package: trig 2016/01/03 v1.10 sin cos tan (DPC)
) ("C:\Program Files\MiKTeX 2.9\tex\latex\graphics-cfg\graphics.cfg"
File: graphics.cfg 2016/06/04 v1.11 sample graphics configuration
)
Package graphics Info: Driver file: pdftex.def on input line 99.

("C:\Program Files\MiKTeX 2.9\tex\latex\graphics-def\pdftex.def"
File: pdftex.def 2016/07/10 v0.06j Graphics/color for pdfTeX

("C:\Program Files\MiKTeX 2.9\tex\generic\oberdiek\infwarerr.sty"
Package: infwarerr 2016/05/16 v1.4 Providing info/warning/error messages (HO)
)
("C:\Program Files\MiKTeX 2.9\tex\generic\oberdiek\ltxcmds.sty"
Package: ltxcmds 2016/05/16 v1.23 LaTeX kernel commands for general use (HO)
)
\Gread@gobject=\count89
))
\Gin@req@height=\dimen103
\Gin@req@width=\dimen104
)
(C:\Users\studi\AppData\Roaming\MiKTeX\2.9\tex\latex\collectbox\collectbox.sty
Package: collectbox 2012/05/17 v0.4b Collect macro arguments as boxes
\collectedbox=\box26
)
\tc@llx=\dimen105
\tc@lly=\dimen106
\tc@urx=\dimen107
\tc@ury=\dimen108
Package trimclip Info: Using driver 'tc-pdftex.def'.

(C:\Users\studi\AppData\Roaming\MiKTeX\2.9\tex\latex\adjustbox\tc-pdftex.def
File: tc-pdftex.def 2018/04/08 v2.1 Clipping driver for pdftex
))
\adjbox@Width=\dimen109
\adjbox@Height=\dimen110
\adjbox@Depth=\dimen111
\adjbox@Totalheight=\dimen112
\adjbox@pwidth=\dimen113
\adjbox@pheight=\dimen114
\adjbox@pdepth=\dimen115
\adjbox@ptotalheight=\dimen116

(C:\Users\studi\AppData\Roaming\MiKTeX\2.9\tex\latex\ifoddpage\ifoddpage.sty
Package: ifoddpage 2016/04/23 v1.1 Conditionals for odd/even page detection
\c@checkoddpage=\count90
)
("C:\Program Files\MiKTeX 2.9\tex\latex\ltxmisc\varwidth.sty"
Package: varwidth 2009/03/30 ver 0.92;  Variable-width minipages
\@vwid@box=\box27
\sift@deathcycles=\count91
\@vwid@loff=\dimen117
\@vwid@roff=\dimen118
)) ("C:\Program Files\MiKTeX 2.9\tex\generic\babel\babel.sty"
Package: babel 2016/04/23 3.9r The Babel package

*************************************
* Local config file bblopts.cfg used
*
(C:\Users\studi\AppData\Roaming\MiKTeX\2.9\tex\latex\arabi\bblopts.cfg
File: bblopts.cfg 2005/09/08 v0.1 add Arabic and Farsi to "declared" options of babel
)
("C:\Program Files\MiKTeX 2.9\tex\latex\babel-english\english.ldf"
Language: english 2012/08/20 v3.3p English support from the babel system

("C:\Program Files\MiKTeX 2.9\tex\generic\babel\babel.def"
File: babel.def 2016/04/23 3.9r Babel common definitions
\babel@savecnt=\count92
\U@D=\dimen119
)
\l@canadian = a dialect from \language\l@american 
\l@australian = a dialect from \language\l@british 
\l@newzealand = a dialect from \language\l@british 
)
("C:\Program Files\MiKTeX 2.9\tex\latex\babel-german\ngerman.ldf"
Language: ngerman 2016/11/02 v2.9 German support for babel (new orthography)

("C:\Program Files\MiKTeX 2.9\tex\latex\babel-german\ngermanb.ldf"
Language: ngermanb 2016/11/02 v2.9 German support for babel (new orthography)
Package babel Info: Making " an active character on input line 125.
)))
("C:\Program Files\MiKTeX 2.9\tex\latex\amsmath\amsmath.sty"
Package: amsmath 2016/06/28 v2.15d AMS math features
\@mathmargin=\skip43

For additional information on amsmath, use the `?' option.
("C:\Program Files\MiKTeX 2.9\tex\latex\amsmath\amstext.sty"
Package: amstext 2000/06/29 v2.01 AMS text
 ("C:\Program Files\MiKTeX 2.9\tex\latex\amsmath\amsgen.sty"
File: amsgen.sty 1999/11/30 v2.0 generic functions
\@emptytoks=\toks16
\ex@=\dimen120
)) ("C:\Program Files\MiKTeX 2.9\tex\latex\amsmath\amsbsy.sty"
Package: amsbsy 1999/11/29 v1.2d Bold Symbols
\pmbraise@=\dimen121
)
("C:\Program Files\MiKTeX 2.9\tex\latex\amsmath\amsopn.sty"
Package: amsopn 2016/03/08 v2.02 operator names
)
\inf@bad=\count93
LaTeX Info: Redefining \frac on input line 199.
\uproot@=\count94
\leftroot@=\count95
LaTeX Info: Redefining \overline on input line 297.
\classnum@=\count96
\DOTSCASE@=\count97
LaTeX Info: Redefining \ldots on input line 394.
LaTeX Info: Redefining \dots on input line 397.
LaTeX Info: Redefining \cdots on input line 518.
\Mathstrutbox@=\box28
\strutbox@=\box29
\big@size=\dimen122
LaTeX Font Info:    Redeclaring font encoding OML on input line 634.
LaTeX Font Info:    Redeclaring font encoding OMS on input line 635.
\macc@depth=\count98
\c@MaxMatrixCols=\count99
\dotsspace@=\muskip10
\c@parentequation=\count100
\dspbrk@lvl=\count101
\tag@help=\toks17
\row@=\count102
\column@=\count103
\maxfields@=\count104
\andhelp@=\toks18
\eqnshift@=\dimen123
\alignsep@=\dimen124
\tagshift@=\dimen125
\tagwidth@=\dimen126
\totwidth@=\dimen127
\lineht@=\dimen128
\@envbody=\toks19
\multlinegap=\skip44
\multlinetaggap=\skip45
\mathdisplay@stack=\toks20
LaTeX Info: Redefining \[ on input line 2739.
LaTeX Info: Redefining \] on input line 2740.
)
(C:\Users\studi\AppData\Roaming\MiKTeX\2.9\tex\latex\url\url.sty
\Urlmuskip=\muskip11
Package: url 2013/09/16  ver 3.4  Verb mode for urls, etc.
)
("C:\Program Files\MiKTeX 2.9\tex\latex\base\inputenc.sty"
Package: inputenc 2015/03/17 v1.2c Input encoding file
\inpenc@prehook=\toks21
\inpenc@posthook=\toks22
 ("C:\Program Files\MiKTeX 2.9\tex\latex\base\utf8.def"
File: utf8.def 2016/02/28 v1.1s UTF-8 support for inputenc
Now handling font encoding OML ...
... no UTF-8 mapping file for font encoding OML
Now handling font encoding T1 ...
... processing UTF-8 mapping file for font encoding T1

("C:\Program Files\MiKTeX 2.9\tex\latex\base\t1enc.dfu"
File: t1enc.dfu 2016/02/28 v1.1s UTF-8 support for inputenc
   defining Unicode char U+00A0 (decimal 160)
   defining Unicode char U+00A1 (decimal 161)
   defining Unicode char U+00A3 (decimal 163)
   defining Unicode char U+00AB (decimal 171)
   defining Unicode char U+00AD (decimal 173)
   defining Unicode char U+00BB (decimal 187)
   defining Unicode char U+00BF (decimal 191)
   defining Unicode char U+00C0 (decimal 192)
   defining Unicode char U+00C1 (decimal 193)
   defining Unicode char U+00C2 (decimal 194)
   defining Unicode char U+00C3 (decimal 195)
   defining Unicode char U+00C4 (decimal 196)
   defining Unicode char U+00C5 (decimal 197)
   defining Unicode char U+00C6 (decimal 198)
   defining Unicode char U+00C7 (decimal 199)
   defining Unicode char U+00C8 (decimal 200)
   defining Unicode char U+00C9 (decimal 201)
   defining Unicode char U+00CA (decimal 202)
   defining Unicode char U+00CB (decimal 203)
   defining Unicode char U+00CC (decimal 204)
   defining Unicode char U+00CD (decimal 205)
   defining Unicode char U+00CE (decimal 206)
   defining Unicode char U+00CF (decimal 207)
   defining Unicode char U+00D0 (decimal 208)
   defining Unicode char U+00D1 (decimal 209)
   defining Unicode char U+00D2 (decimal 210)
   defining Unicode char U+00D3 (decimal 211)
   defining Unicode char U+00D4 (decimal 212)
   defining Unicode char U+00D5 (decimal 213)
   defining Unicode char U+00D6 (decimal 214)
   defining Unicode char U+00D8 (decimal 216)
   defining Unicode char U+00D9 (decimal 217)
   defining Unicode char U+00DA (decimal 218)
   defining Unicode char U+00DB (decimal 219)
   defining Unicode char U+00DC (decimal 220)
   defining Unicode char U+00DD (decimal 221)
   defining Unicode char U+00DE (decimal 222)
   defining Unicode char U+00DF (decimal 223)
   defining Unicode char U+00E0 (decimal 224)
   defining Unicode char U+00E1 (decimal 225)
   defining Unicode char U+00E2 (decimal 226)
   defining Unicode char U+00E3 (decimal 227)
   defining Unicode char U+00E4 (decimal 228)
   defining Unicode char U+00E5 (decimal 229)
   defining Unicode char U+00E6 (decimal 230)
   defining Unicode char U+00E7 (decimal 231)
   defining Unicode char U+00E8 (decimal 232)
   defining Unicode char U+00E9 (decimal 233)
   defining Unicode char U+00EA (decimal 234)
   defining Unicode char U+00EB (decimal 235)
   defining Unicode char U+00EC (decimal 236)
   defining Unicode char U+00ED (decimal 237)
   defining Unicode char U+00EE (decimal 238)
   defining Unicode char U+00EF (decimal 239)
   defining Unicode char U+00F0 (decimal 240)
   defining Unicode char U+00F1 (decimal 241)
   defining Unicode char U+00F2 (decimal 242)
   defining Unicode char U+00F3 (decimal 243)
   defining Unicode char U+00F4 (decimal 244)
   defining Unicode char U+00F5 (decimal 245)
   defining Unicode char U+00F6 (decimal 246)
   defining Unicode char U+00F8 (decimal 248)
   defining Unicode char U+00F9 (decimal 249)
   defining Unicode char U+00FA (decimal 250)
   defining Unicode char U+00FB (decimal 251)
   defining Unicode char U+00FC (decimal 252)
   defining Unicode char U+00FD (decimal 253)
   defining Unicode char U+00FE (decimal 254)
   defining Unicode char U+00FF (decimal 255)
   defining Unicode char U+0100 (decimal 256)
   defining Unicode char U+0101 (decimal 257)
   defining Unicode char U+0102 (decimal 258)
   defining Unicode char U+0103 (decimal 259)
   defining Unicode char U+0104 (decimal 260)
   defining Unicode char U+0105 (decimal 261)
   defining Unicode char U+0106 (decimal 262)
   defining Unicode char U+0107 (decimal 263)
   defining Unicode char U+0108 (decimal 264)
   defining Unicode char U+0109 (decimal 265)
   defining Unicode char U+010A (decimal 266)
   defining Unicode char U+010B (decimal 267)
   defining Unicode char U+010C (decimal 268)
   defining Unicode char U+010D (decimal 269)
   defining Unicode char U+010E (decimal 270)
   defining Unicode char U+010F (decimal 271)
   defining Unicode char U+0110 (decimal 272)
   defining Unicode char U+0111 (decimal 273)
   defining Unicode char U+0112 (decimal 274)
   defining Unicode char U+0113 (decimal 275)
   defining Unicode char U+0114 (decimal 276)
   defining Unicode char U+0115 (decimal 277)
   defining Unicode char U+0116 (decimal 278)
   defining Unicode char U+0117 (decimal 279)
   defining Unicode char U+0118 (decimal 280)
   defining Unicode char U+0119 (decimal 281)
   defining Unicode char U+011A (decimal 282)
   defining Unicode char U+011B (decimal 283)
   defining Unicode char U+011C (decimal 284)
   defining Unicode char U+011D (decimal 285)
   defining Unicode char U+011E (decimal 286)
   defining Unicode char U+011F (decimal 287)
   defining Unicode char U+0120 (decimal 288)
   defining Unicode char U+0121 (decimal 289)
   defining Unicode char U+0122 (decimal 290)
   defining Unicode char U+0123 (decimal 291)
   defining Unicode char U+0124 (decimal 292)
   defining Unicode char U+0125 (decimal 293)
   defining Unicode char U+0128 (decimal 296)
   defining Unicode char U+0129 (decimal 297)
   defining Unicode char U+012A (decimal 298)
   defining Unicode char U+012B (decimal 299)
   defining Unicode char U+012C (decimal 300)
   defining Unicode char U+012D (decimal 301)
   defining Unicode char U+012E (decimal 302)
   defining Unicode char U+012F (decimal 303)
   defining Unicode char U+0130 (decimal 304)
   defining Unicode char U+0131 (decimal 305)
   defining Unicode char U+0132 (decimal 306)
   defining Unicode char U+0133 (decimal 307)
   defining Unicode char U+0134 (decimal 308)
   defining Unicode char U+0135 (decimal 309)
   defining Unicode char U+0136 (decimal 310)
   defining Unicode char U+0137 (decimal 311)
   defining Unicode char U+0139 (decimal 313)
   defining Unicode char U+013A (decimal 314)
   defining Unicode char U+013B (decimal 315)
   defining Unicode char U+013C (decimal 316)
   defining Unicode char U+013D (decimal 317)
   defining Unicode char U+013E (decimal 318)
   defining Unicode char U+0141 (decimal 321)
   defining Unicode char U+0142 (decimal 322)
   defining Unicode char U+0143 (decimal 323)
   defining Unicode char U+0144 (decimal 324)
   defining Unicode char U+0145 (decimal 325)
   defining Unicode char U+0146 (decimal 326)
   defining Unicode char U+0147 (decimal 327)
   defining Unicode char U+0148 (decimal 328)
   defining Unicode char U+014A (decimal 330)
   defining Unicode char U+014B (decimal 331)
   defining Unicode char U+014C (decimal 332)
   defining Unicode char U+014D (decimal 333)
   defining Unicode char U+014E (decimal 334)
   defining Unicode char U+014F (decimal 335)
   defining Unicode char U+0150 (decimal 336)
   defining Unicode char U+0151 (decimal 337)
   defining Unicode char U+0152 (decimal 338)
   defining Unicode char U+0153 (decimal 339)
   defining Unicode char U+0154 (decimal 340)
   defining Unicode char U+0155 (decimal 341)
   defining Unicode char U+0156 (decimal 342)
   defining Unicode char U+0157 (decimal 343)
   defining Unicode char U+0158 (decimal 344)
   defining Unicode char U+0159 (decimal 345)
   defining Unicode char U+015A (decimal 346)
   defining Unicode char U+015B (decimal 347)
   defining Unicode char U+015C (decimal 348)
   defining Unicode char U+015D (decimal 349)
   defining Unicode char U+015E (decimal 350)
   defining Unicode char U+015F (decimal 351)
   defining Unicode char U+0160 (decimal 352)
   defining Unicode char U+0161 (decimal 353)
   defining Unicode char U+0162 (decimal 354)
   defining Unicode char U+0163 (decimal 355)
   defining Unicode char U+0164 (decimal 356)
   defining Unicode char U+0165 (decimal 357)
   defining Unicode char U+0168 (decimal 360)
   defining Unicode char U+0169 (decimal 361)
   defining Unicode char U+016A (decimal 362)
   defining Unicode char U+016B (decimal 363)
   defining Unicode char U+016C (decimal 364)
   defining Unicode char U+016D (decimal 365)
   defining Unicode char U+016E (decimal 366)
   defining Unicode char U+016F (decimal 367)
   defining Unicode char U+0170 (decimal 368)
   defining Unicode char U+0171 (decimal 369)
   defining Unicode char U+0172 (decimal 370)
   defining Unicode char U+0173 (decimal 371)
   defining Unicode char U+0174 (decimal 372)
   defining Unicode char U+0175 (decimal 373)
   defining Unicode char U+0176 (decimal 374)
   defining Unicode char U+0177 (decimal 375)
   defining Unicode char U+0178 (decimal 376)
   defining Unicode char U+0179 (decimal 377)
   defining Unicode char U+017A (decimal 378)
   defining Unicode char U+017B (decimal 379)
   defining Unicode char U+017C (decimal 380)
   defining Unicode char U+017D (decimal 381)
   defining Unicode char U+017E (decimal 382)
   defining Unicode char U+01CD (decimal 461)
   defining Unicode char U+01CE (decimal 462)
   defining Unicode char U+01CF (decimal 463)
   defining Unicode char U+01D0 (decimal 464)
   defining Unicode char U+01D1 (decimal 465)
   defining Unicode char U+01D2 (decimal 466)
   defining Unicode char U+01D3 (decimal 467)
   defining Unicode char U+01D4 (decimal 468)
   defining Unicode char U+01E2 (decimal 482)
   defining Unicode char U+01E3 (decimal 483)
   defining Unicode char U+01E6 (decimal 486)
   defining Unicode char U+01E7 (decimal 487)
   defining Unicode char U+01E8 (decimal 488)
   defining Unicode char U+01E9 (decimal 489)
   defining Unicode char U+01EA (decimal 490)
   defining Unicode char U+01EB (decimal 491)
   defining Unicode char U+01F0 (decimal 496)
   defining Unicode char U+01F4 (decimal 500)
   defining Unicode char U+01F5 (decimal 501)
   defining Unicode char U+0218 (decimal 536)
   defining Unicode char U+0219 (decimal 537)
   defining Unicode char U+021A (decimal 538)
   defining Unicode char U+021B (decimal 539)
   defining Unicode char U+1E02 (decimal 7682)
   defining Unicode char U+1E03 (decimal 7683)
   defining Unicode char U+200C (decimal 8204)
   defining Unicode char U+2010 (decimal 8208)
   defining Unicode char U+2011 (decimal 8209)
   defining Unicode char U+2012 (decimal 8210)
   defining Unicode char U+2013 (decimal 8211)
   defining Unicode char U+2014 (decimal 8212)
   defining Unicode char U+2015 (decimal 8213)
   defining Unicode char U+2018 (decimal 8216)
   defining Unicode char U+2019 (decimal 8217)
   defining Unicode char U+201A (decimal 8218)
   defining Unicode char U+201C (decimal 8220)
   defining Unicode char U+201D (decimal 8221)
   defining Unicode char U+201E (decimal 8222)
   defining Unicode char U+2030 (decimal 8240)
   defining Unicode char U+2031 (decimal 8241)
   defining Unicode char U+2039 (decimal 8249)
   defining Unicode char U+203A (decimal 8250)
   defining Unicode char U+2423 (decimal 9251)
)
Now handling font encoding OT1 ...
... processing UTF-8 mapping file for font encoding OT1
 ("C:\Program Files\MiKTeX 2.9\tex\latex\base\ot1enc.dfu"
File: ot1enc.dfu 2016/02/28 v1.1s UTF-8 support for inputenc
   defining Unicode char U+00A0 (decimal 160)
   defining Unicode char U+00A1 (decimal 161)
   defining Unicode char U+00A3 (decimal 163)
   defining Unicode char U+00AD (decimal 173)
   defining Unicode char U+00B8 (decimal 184)
   defining Unicode char U+00BF (decimal 191)
   defining Unicode char U+00C5 (decimal 197)
   defining Unicode char U+00C6 (decimal 198)
   defining Unicode char U+00D8 (decimal 216)
   defining Unicode char U+00DF (decimal 223)
   defining Unicode char U+00E6 (decimal 230)
   defining Unicode char U+00EC (decimal 236)
   defining Unicode char U+00ED (decimal 237)
   defining Unicode char U+00EE (decimal 238)
   defining Unicode char U+00EF (decimal 239)
   defining Unicode char U+00F8 (decimal 248)
   defining Unicode char U+0131 (decimal 305)
   defining Unicode char U+0141 (decimal 321)
   defining Unicode char U+0142 (decimal 322)
   defining Unicode char U+0152 (decimal 338)
   defining Unicode char U+0153 (decimal 339)
   defining Unicode char U+0174 (decimal 372)
   defining Unicode char U+0175 (decimal 373)
   defining Unicode char U+0176 (decimal 374)
   defining Unicode char U+0177 (decimal 375)
   defining Unicode char U+0218 (decimal 536)
   defining Unicode char U+0219 (decimal 537)
   defining Unicode char U+021A (decimal 538)
   defining Unicode char U+021B (decimal 539)
   defining Unicode char U+2013 (decimal 8211)
   defining Unicode char U+2014 (decimal 8212)
   defining Unicode char U+2018 (decimal 8216)
   defining Unicode char U+2019 (decimal 8217)
   defining Unicode char U+201C (decimal 8220)
   defining Unicode char U+201D (decimal 8221)
)
Now handling font encoding OMS ...
... processing UTF-8 mapping file for font encoding OMS

("C:\Program Files\MiKTeX 2.9\tex\latex\base\omsenc.dfu"
File: omsenc.dfu 2016/02/28 v1.1s UTF-8 support for inputenc
   defining Unicode char U+00A7 (decimal 167)
   defining Unicode char U+00B6 (decimal 182)
   defining Unicode char U+00B7 (decimal 183)
   defining Unicode char U+2020 (decimal 8224)
   defining Unicode char U+2021 (decimal 8225)
   defining Unicode char U+2022 (decimal 8226)
)
Now handling font encoding OMX ...
... no UTF-8 mapping file for font encoding OMX
Now handling font encoding U ...
... no UTF-8 mapping file for font encoding U
   defining Unicode char U+00A9 (decimal 169)
   defining Unicode char U+00AA (decimal 170)
   defining Unicode char U+00AE (decimal 174)
   defining Unicode char U+00BA (decimal 186)
   defining Unicode char U+02C6 (decimal 710)
   defining Unicode char U+02DC (decimal 732)
   defining Unicode char U+200C (decimal 8204)
   defining Unicode char U+2026 (decimal 8230)
   defining Unicode char U+2122 (decimal 8482)
   defining Unicode char U+2423 (decimal 9251)
)) ("C:\Program Files\MiKTeX 2.9\tex\latex\base\fontenc.sty"
Package: fontenc 2016/06/19 v1.99m Standard LaTeX package

("C:\Program Files\MiKTeX 2.9\tex\latex\base\t1enc.def"
File: t1enc.def 2016/06/19 v1.99m Standard LaTeX file
LaTeX Font Info:    Redeclaring font encoding T1 on input line 48.
))
(C:\Users\studi\AppData\Roaming\MiKTeX\2.9\tex\latex\import\import.sty
Package: import 2009/03/23  v 5.1
)
(C:\Users\studi\AppData\Roaming\MiKTeX\2.9\tex\latex\caption\subcaption.sty
Package: subcaption 2018/05/01 v1.1-162 Sub-captions (AR)

(C:\Users\studi\AppData\Roaming\MiKTeX\2.9\tex\latex\caption\caption.sty
Package: caption 2018/05/01 v3.3-147 Customizing captions (AR)

(C:\Users\studi\AppData\Roaming\MiKTeX\2.9\tex\latex\caption\caption3.sty
Package: caption3 2018/05/27 v1.8a caption3 kernel (AR)
Package caption3 Info: TeX engine: e-TeX on input line 64.
\captionmargin=\dimen129
\captionmargin@=\dimen130
\captionwidth=\dimen131
\caption@tempdima=\dimen132
\caption@indent=\dimen133
\caption@parindent=\dimen134
\caption@hangindent=\dimen135
)
\c@ContinuedFloat=\count105
)
\c@subfigure=\count106
\c@subtable=\count107
)
("C:\Program Files\MiKTeX 2.9\tex\latex\tools\verbatim.sty"
Package: verbatim 2014/10/28 v1.5q LaTeX2e package for verbatim enhancements
\every@verbatim=\toks23
\verbatim@line=\toks24
\verbatim@in@stream=\read1
) ("C:\Program Files\MiKTeX 2.9\tex\latex\float\float.sty"
Package: float 2001/11/08 v1.3d Float enhancements (AL)
\c@float@type=\count108
\float@exts=\toks25
\float@box=\box30
\@float@everytoks=\toks26
\@floatcapt=\box31
)
("C:\Program Files\MiKTeX 2.9\tex\latex\geometry\geometry.sty"
Package: geometry 2010/09/12 v5.6 Page Geometry

("C:\Program Files\MiKTeX 2.9\tex\generic\oberdiek\ifpdf.sty"
Package: ifpdf 2016/05/14 v3.1 Provides the ifpdf switch
)
("C:\Program Files\MiKTeX 2.9\tex\generic\oberdiek\ifvtex.sty"
Package: ifvtex 2016/05/16 v1.6 Detect VTeX and its facilities (HO)
Package ifvtex Info: VTeX not detected.
)
("C:\Program Files\MiKTeX 2.9\tex\generic\ifxetex\ifxetex.sty"
Package: ifxetex 2010/09/12 v0.6 Provides ifxetex conditional
)
\Gm@cnth=\count109
\Gm@cntv=\count110
\c@Gm@tempcnt=\count111
\Gm@bindingoffset=\dimen136
\Gm@wd@mp=\dimen137
\Gm@odd@mp=\dimen138
\Gm@even@mp=\dimen139
\Gm@layoutwidth=\dimen140
\Gm@layoutheight=\dimen141
\Gm@layouthoffset=\dimen142
\Gm@layoutvoffset=\dimen143
\Gm@dimlist=\toks27

("C:\Program Files\MiKTeX 2.9\tex\latex\geometry\geometry.cfg"))
(C:\Users\studi\AppData\Roaming\MiKTeX\2.9\tex\latex\fancyhdr\fancyhdr.sty
Package: fancyhdr 2017/06/30 v3.9a Extensive control of page headers and footers
\f@nch@headwidth=\skip46
\f@nch@O@elh=\skip47
\f@nch@O@erh=\skip48
\f@nch@O@olh=\skip49
\f@nch@O@orh=\skip50
\f@nch@O@elf=\skip51
\f@nch@O@erf=\skip52
\f@nch@O@olf=\skip53
\f@nch@O@orf=\skip54
)
(C:\Users\studi\AppData\Roaming\MiKTeX\2.9\tex\latex\subfiles\subfiles.sty
Package: subfiles 2012/05/23 Federico Garcia
)
(C:\Users\studi\AppData\Roaming\MiKTeX\2.9\tex\latex\xcolor\xcolor.sty
Package: xcolor 2016/05/11 v2.12 LaTeX color extensions (UK)

("C:\Program Files\MiKTeX 2.9\tex\latex\graphics-cfg\color.cfg"
File: color.cfg 2016/01/02 v1.6 sample color configuration
)
Package xcolor Info: Driver file: pdftex.def on input line 225.

(C:\Users\studi\AppData\Roaming\MiKTeX\2.9\tex\latex\colortbl\colortbl.sty
Package: colortbl 2018/05/02 v1.0c Color table columns (DPC)

("C:\Program Files\MiKTeX 2.9\tex\latex\tools\array.sty"
Package: array 2014/10/28 v2.4c Tabular extension package (FMi)
\col@sep=\dimen144
\extrarowheight=\dimen145
\NC@list=\toks28
\extratabsurround=\skip55
\backup@length=\skip56
)
\everycr=\toks29
\minrowclearance=\skip57
)
\rownum=\count112
Package xcolor Info: Model `cmy' substituted by `cmy0' on input line 1348.
Package xcolor Info: Model `hsb' substituted by `rgb' on input line 1352.
Package xcolor Info: Model `RGB' extended on input line 1364.
Package xcolor Info: Model `HTML' substituted by `rgb' on input line 1366.
Package xcolor Info: Model `Hsb' substituted by `hsb' on input line 1367.
Package xcolor Info: Model `tHsb' substituted by `hsb' on input line 1368.
Package xcolor Info: Model `HSB' substituted by `hsb' on input line 1369.
Package xcolor Info: Model `Gray' substituted by `gray' on input line 1370.
Package xcolor Info: Model `wave' substituted by `hsb' on input line 1371.
 ("C:\Program Files\MiKTeX 2.9\tex\latex\graphics\dvipsnam.def"
File: dvipsnam.def 2016/06/17 v3.0m Driver-dependent file (DPC,SPQR)
)) (C:\Users\studi\AppData\Roaming\MiKTeX\2.9\tex\latex\wrapfig\wrapfig.sty
\wrapoverhang=\dimen146
\WF@size=\dimen147
\c@WF@wrappedlines=\count113
\WF@box=\box32
\WF@everypar=\toks30
Package: wrapfig 2003/01/31  v 3.6
)
(C:\Users\studi\AppData\Roaming\MiKTeX\2.9\tex\latex\ms\ragged2e.sty
Package: ragged2e 2009/05/21 v2.1 ragged2e Package (MS)

(C:\Users\studi\AppData\Roaming\MiKTeX\2.9\tex\latex\ms\everysel.sty
Package: everysel 2011/10/28 v1.2 EverySelectfont Package (MS)
)
\CenteringLeftskip=\skip58
\RaggedLeftLeftskip=\skip59
\RaggedRightLeftskip=\skip60
\CenteringRightskip=\skip61
\RaggedLeftRightskip=\skip62
\RaggedRightRightskip=\skip63
\CenteringParfillskip=\skip64
\RaggedLeftParfillskip=\skip65
\RaggedRightParfillskip=\skip66
\JustifyingParfillskip=\skip67
\CenteringParindent=\skip68
\RaggedLeftParindent=\skip69
\RaggedRightParindent=\skip70
\JustifyingParindent=\skip71
)
(C:\Users\studi\AppData\Roaming\MiKTeX\2.9\tex\latex\setspace\setspace.sty
Package: setspace 2011/12/19 v6.7a set line spacing
)
(C:\Users\studi\AppData\Roaming\MiKTeX\2.9\tex\latex\was\gensymb.sty
Package: gensymb 2003/07/02 v1.0 (WaS)
)
(C:\Users\studi\AppData\Roaming\MiKTeX\2.9\tex\latex\sidecap\sidecap.sty
Package: sidecap 2003/06/06 v1.6f SideCap Package (RN/HjG)

("C:\Program Files\MiKTeX 2.9\tex\latex\base\ifthen.sty"
Package: ifthen 2014/09/29 v1.1c Standard LaTeX ifthen package (DPC)
)
\SC@BOXWD=\dimen148
\SC@CAPWD=\dimen149
\SC@tempdima=\dimen150
\SC@tempdimb=\dimen151
\c@SC@C=\count114
\SC@BOX=\box33
)
(C:\Users\studi\AppData\Roaming\MiKTeX\2.9\tex\latex\germbib\bibgerm.sty
Package: bibgerm 2000/08/18 v0.1 Support for mixed language bibliographies

** Macros for german `BibTeX'ing added to Style Option `german' 20 Apr 1993 **
** idea and languages `german' and `USenglish' implemented by M. Wallmeier **
** Modified for LaTeX 2e and german.sty 2.5b by A. Scherer 1 Nov 1995 **
** Modified for ngerman.sty and babel.sty by H. Harders 21 August 2000 **)
(C:\Users\studi\AppData\Roaming\MiKTeX\2.9\tex\latex\csquotes\csquotes.sty
Package: csquotes 2018/04/13 v5.2d context-sensitive quotations (JAW)

(C:\Users\studi\AppData\Roaming\MiKTeX\2.9\tex\latex\etoolbox\etoolbox.sty
Package: etoolbox 2018/02/11 v2.5e e-TeX tools for LaTeX (JAW)
\etb@tempcnta=\count115
)
\csq@reset=\count116
\csq@gtype=\count117
\csq@glevel=\count118
\csq@qlevel=\count119
\csq@maxlvl=\count120
\csq@tshold=\count121
\csq@ltx@everypar=\toks31

(C:\Users\studi\AppData\Roaming\MiKTeX\2.9\tex\latex\csquotes\csquotes.def
File: csquotes.def 2018/04/13 v5.2d csquotes generic definitions (JAW)
)
Package csquotes Info: Trying to load configuration file 'csquotes.cfg'...
Package csquotes Info: ... configuration file loaded successfully.

(C:\Users\studi\AppData\Roaming\MiKTeX\2.9\tex\latex\csquotes\csquotes.cfg
File: csquotes.cfg 
)
Package csquotes Info: Option 'babel' depreciated.
(csquotes)             Using 'autostyle'.
Package csquotes Info: Enabling multilingual quotes.
Package csquotes Info: Redefining alias 'german' -> 'german/guillemets'.
)
Package csquotes Info: Checking for multilingual support...
Package csquotes Info: ... found 'babel' package.
 (Masterarbeit.aux

LaTeX Warning: Label `fig:wurtz' multiply defined.


LaTeX Warning: Label `fig:IQEthreadingdisl' multiply defined.


LaTeX Warning: Label `eq:iqe2' multiply defined.


LaTeX Warning: Label `fig:wurtz' multiply defined.


LaTeX Warning: Label `fig:wurtz' multiply defined.


LaTeX Warning: Label `fig:degra' multiply defined.


LaTeX Warning: Label `fig:auger5k' multiply defined.


LaTeX Warning: Label `' multiply defined.


LaTeX Warning: Label `fig:schichtenelo' multiply defined.


LaTeX Warning: Label `fig:eloINTrt' multiply defined.


LaTeX Warning: Label `fig:eloiqeRT' multiply defined.


LaTeX Warning: Label `fig:undotiertSpektrum' multiply defined.


LaTeX Warning: Label `fig:dotiertSpektrum' multiply defined.

)
\openout1 = `Masterarbeit.aux'.

LaTeX Font Info:    Checking defaults for OML/cmm/m/it on input line 57.
LaTeX Font Info:    ... okay on input line 57.
LaTeX Font Info:    Checking defaults for T1/cmr/m/n on input line 57.
LaTeX Font Info:    ... okay on input line 57.
LaTeX Font Info:    Checking defaults for OT1/cmr/m/n on input line 57.
LaTeX Font Info:    ... okay on input line 57.
LaTeX Font Info:    Checking defaults for OMS/cmsy/m/n on input line 57.
LaTeX Font Info:    ... okay on input line 57.
LaTeX Font Info:    Checking defaults for OMX/cmex/m/n on input line 57.
LaTeX Font Info:    ... okay on input line 57.
LaTeX Font Info:    Checking defaults for U/cmr/m/n on input line 57.
LaTeX Font Info:    ... okay on input line 57.
 (C:\Users\studi\AppData\Roaming\MiKTeX\2.9\tex\context\base\supp-pdf.mkii
[Loading MPS to PDF converter (version 2006.09.02).]
\scratchcounter=\count122
\scratchdimen=\dimen152
\scratchbox=\box34
\nofMPsegments=\count123
\nofMParguments=\count124
\everyMPshowfont=\toks32
\MPscratchCnt=\count125
\MPscratchDim=\dimen153
\MPnumerator=\count126
\makeMPintoPDFobject=\count127
\everyMPtoPDFconversion=\toks33
) ("C:\Program Files\MiKTeX 2.9\tex\generic\oberdiek\pdftexcmds.sty"
Package: pdftexcmds 2016/05/21 v0.22 Utility functions of pdfTeX for LuaTeX (HO)

("C:\Program Files\MiKTeX 2.9\tex\generic\oberdiek\ifluatex.sty"
Package: ifluatex 2016/05/16 v1.4 Provides the ifluatex switch (HO)
Package ifluatex Info: LuaTeX not detected.
)
Package pdftexcmds Info: LuaTeX not detected.
Package pdftexcmds Info: \pdf@primitive is available.
Package pdftexcmds Info: \pdf@ifprimitive is available.
Package pdftexcmds Info: \pdfdraftmode found.
)
("C:\Program Files\MiKTeX 2.9\tex\latex\oberdiek\epstopdf-base.sty"
Package: epstopdf-base 2016/05/15 v2.6 Base part for package epstopdf

("C:\Program Files\MiKTeX 2.9\tex\latex\oberdiek\grfext.sty"
Package: grfext 2016/05/16 v1.2 Manage graphics extensions (HO)

("C:\Program Files\MiKTeX 2.9\tex\generic\oberdiek\kvdefinekeys.sty"
Package: kvdefinekeys 2016/05/16 v1.4 Define keys (HO)
))
("C:\Program Files\MiKTeX 2.9\tex\latex\oberdiek\kvoptions.sty"
Package: kvoptions 2016/05/16 v3.12 Key value format for package options (HO)

("C:\Program Files\MiKTeX 2.9\tex\generic\oberdiek\kvsetkeys.sty"
Package: kvsetkeys 2016/05/16 v1.17 Key value parser (HO)

("C:\Program Files\MiKTeX 2.9\tex\generic\oberdiek\etexcmds.sty"
Package: etexcmds 2016/05/16 v1.6 Avoid name clashes with e-TeX commands (HO)
Package etexcmds Info: Could not find \expanded.
(etexcmds)             That can mean that you are not using pdfTeX 1.50 or
(etexcmds)             that some package has redefined \expanded.
(etexcmds)             In the latter case, load this package earlier.
)))
Package epstopdf-base Info: Redefining graphics rule for `.eps' on input line 438.
Package grfext Info: Graphics extension search list:
(grfext)             [.png,.pdf,.jpg,.mps,.jpeg,.jbig2,.jb2,.PNG,.PDF,.JPG,.JPEG,.JBIG2,.JB2,.eps]
(grfext)             \AppendGraphicsExtensions on input line 456.
)
Package caption Info: Begin \AtBeginDocument code.
Package caption Info: float package is loaded.
Package caption Info: sidecap package is loaded.
Package caption Info: wrapfig package is loaded.
Package caption Info: End \AtBeginDocument code.

*geometry* driver: auto-detecting
*geometry* detected driver: pdftex
*geometry* verbose mode - [ preamble ] result:
* driver: pdftex
* paper: a4paper
* layout: <same size as paper>
* layoutoffset:(h,v)=(0.0pt,0.0pt)
* modes: twoside 
* h-part:(L,W,R)=(71.70166pt, 418.25368pt, 107.55254pt)
* v-part:(T,H,B)=(101.40665pt, 591.5302pt, 152.11pt)
* \paperwidth=597.50787pt
* \paperheight=845.04684pt
* \textwidth=418.25368pt
* \textheight=591.5302pt
* \oddsidemargin=-0.56833pt
* \evensidemargin=35.28255pt
* \topmargin=-2.73714pt
* \headheight=12.0pt
* \headsep=19.8738pt
* \topskip=12.0pt
* \footskip=30.0pt
* \marginparwidth=88.0pt
* \marginparsep=7.0pt
* \columnsep=10.0pt
* \skip\footins=10.8pt plus 4.0pt minus 2.0pt
* \hoffset=0.0pt
* \voffset=0.0pt
* \mag=1000
* \@twocolumnfalse
* \@twosidetrue
* \@mparswitchtrue
* \@reversemarginfalse
* (1in=72.27pt=25.4mm, 1cm=28.453pt)

ABD: EverySelectfont initializing macros
LaTeX Info: Redefining \selectfont on input line 57.
LaTeX Info: Redefining \celsius on input line 57.
Package gensymb Info: Faking symbols for \degree and \celsius on input line 57.


Package gensymb Warning: Not defining \perthousand.

LaTeX Info: Redefining \ohm on input line 57.
Package gensymb Info: Using \Omega for \ohm on input line 57.

Package gensymb Warning: Not defining \micro.


bibgerm.sty: babel.sty detected

(Kapitel/Titelseite.tex

pdfTeX warning: pdflatex.exe (file ./Bilder/TU-Berlin-Logo.pdf): PDF inclusion: found PDF version <1.7>, but at most ver
sion <1.5> allowed
<Bilder/TU-Berlin-Logo.pdf, id=1, 301.125pt x 220.825pt>
File: Bilder/TU-Berlin-Logo.pdf Graphic file (type pdf)
 <use Bilder/TU-Berlin-Logo.pdf>
Package pdftex.def Info: Bilder/TU-Berlin-Logo.pdf used on input line 27.
(pdftex.def)             Requested size: 83.64944pt x 61.342pt.
 [1


{C:/Users/studi/AppData/Local/MiKTeX/2.9/pdftex/config/pdftex.map} <./Bilder/TU-Berlin-Logo.pdf>])

Package Fancyhdr Warning: \headheight is too small (12.0pt): 
 Make it at least 24.64995pt.
 We now make it that large for the rest of the document.
 This may cause the page layout to be inconsistent, however.

[2

] (Masterarbeit.toc [3])
\tf@toc=\write3
\openout3 = `Masterarbeit.toc'.

 (Kapitel/Einleitung.tex [4]
Kapitel 1.
<Bilder/SpectralEmissionPower_Wavelength.png, id=25, 432.1746pt x 317.988pt>
File: Bilder/SpectralEmissionPower_Wavelength.png Graphic file (type png)

<use Bilder/SpectralEmissionPower_Wavelength.png>
Package pdftex.def Info: Bilder/SpectralEmissionPower_Wavelength.png used on input line 14.
(pdftex.def)             Requested size: 204.9466pt x 150.79355pt.
 <Bilder/Schichten.png, id=27, 2747.4645pt x 2885.0184pt>
File: Bilder/Schichten.png Graphic file (type png)

<use Bilder/Schichten.png>
Package pdftex.def Info: Bilder/Schichten.png used on input line 21.
(pdftex.def)             Requested size: 204.9466pt x 215.17845pt.

Underfull \hbox (badness 4752) in paragraph at lines 22--22
[]\T1/cmr/bx/n/10.95 Abbildung 1.2: |\T1/cmr/m/n/10.95 Auf-bau ei-ner LED-
 []

[5

] [6 <./Bilder/SpectralEmissionPower_Wavelength.png> <./Bilder/Schichten.png>]) (Kapitel/Grundlagen.tex [7] [8

]
Kapitel 2.
<Bilder/bandluecke.pdf, id=48, 665.48625pt x 558.085pt>
File: Bilder/bandluecke.pdf Graphic file (type pdf)
 <use Bilder/bandluecke.pdf>
Package pdftex.def Info: Bilder/bandluecke.pdf used on input line 9.
(pdftex.def)             Requested size: 209.12683pt x 175.37192pt.
 [9 <./Bilder/bandluecke.pdf>]
<Bilder/Wurtzite.png, id=72, 1783.8645pt x 1132.4709pt>
File: Bilder/Wurtzite.png Graphic file (type png)
 <use Bilder/Wurtzite.png>
Package pdftex.def Info: Bilder/Wurtzite.png used on input line 33.
(pdftex.def)             Requested size: 334.60422pt x 212.40689pt.
 [10 <./Bilder/Wurtzite.png>]
<Bilder/QCSE.png, id=78, 1199.48125pt x 668.4975pt>
File: Bilder/QCSE.png Graphic file (type png)
 <use Bilder/QCSE.png>
Package pdftex.def Info: Bilder/QCSE.png used on input line 73.
(pdftex.def)             Requested size: 292.77629pt x 163.16618pt.
 [11]) (Kapitel/GrundlagenMOVPE.tex
Overfull \hbox (13.01239pt too wide) in paragraph at lines 4--4
[]\T1/cmr/bx/n/17.28 Metallorganische Gas-pha-se-ne-pita-xie von Al-GaN 
 []


Underfull \vbox (badness 10000) has occurred while \output is active []

 [12 <./Bilder/QCSE.png>]
<Bilder/wachstumsarten.png, id=86, 2060.69875pt x 820.06375pt>
File: Bilder/wachstumsarten.png Graphic file (type png)
 <use Bilder/wachstumsarten.png>
Package pdftex.def Info: Bilder/wachstumsarten.png used on input line 15.
(pdftex.def)             Requested size: 418.25368pt x 166.4374pt.

<Bilder/IQEthreadingdisl.png, id=87, 22.7622pt x 19.56126pt>
File: Bilder/IQEthreadingdisl.png Graphic file (type png)
 <use Bilder/IQEthreadingdisl.png>
Package pdftex.def Info: Bilder/IQEthreadingdisl.png used on input line 26.
(pdftex.def)             Requested size: 209.12683pt x 179.81406pt.


LaTeX Warning: `h' float specifier changed to `ht'.

[13] <Bilder/elostrukturierung.png, id=92, 3515.1325pt x 1094.0875pt>
File: Bilder/elostrukturierung.png Graphic file (type png)
 <use Bilder/elostrukturierung.png>
Package pdftex.def Info: Bilder/elostrukturierung.png used on input line 42.
(pdftex.def)             Requested size: 418.25368pt x 130.1663pt.
)
(Kapitel/GrundlagenPL.tex [14 <./Bilder/wachstumsarten.png> <./Bilder/IQEthreadingdisl.png>]
<Bilder/bandrekomb.png, id=97, 1065.5007pt x 763.1712pt>
File: Bilder/bandrekomb.png Graphic file (type png)
 <use Bilder/bandrekomb.png>
Package pdftex.def Info: Bilder/bandrekomb.png used on input line 11.
(pdftex.def)             Requested size: 334.60422pt x 239.66656pt.


LaTeX Warning: `h' float specifier changed to `ht'.

<Bilder/nonradRekomb.png, id=98, 1611.1392pt x 1076.3412pt>
File: Bilder/nonradRekomb.png Graphic file (type png)
 <use Bilder/nonradRekomb.png>
Package pdftex.def Info: Bilder/nonradRekomb.png used on input line 22.
(pdftex.def)             Requested size: 204.9466pt x 136.90732pt.

<Bilder/radRekomb.png, id=99, 1611.1392pt x 1076.3412pt>
File: Bilder/radRekomb.png Graphic file (type png)
 <use Bilder/radRekomb.png>
Package pdftex.def Info: Bilder/radRekomb.png used on input line 29.
(pdftex.def)             Requested size: 204.9466pt x 136.90732pt.

<Bilder/rekbomChannels.png, id=100, 1785.7917pt x 1067.187pt>
File: Bilder/rekbomChannels.png Graphic file (type png)
 <use Bilder/rekbomChannels.png>
Package pdftex.def Info: Bilder/rekbomChannels.png used on input line 40.
(pdftex.def)             Requested size: 313.69025pt x 187.46072pt.
 [15 <./Bilder/elostrukturierung.png>]

LaTeX Warning: `h' float specifier changed to `ht'.

[16 <./Bilder/bandrekomb.png>]) (Kapitel/GrundlagenPLIQE.tex [17 <./Bilder/nonradRekomb.png> <./Bilder/radRekomb.png>]
[18 <./Bilder/rekbomChannels.png>] <Bilder/IQEohneDotierungVerschAParams.pdf, id=118, 745.78625pt x 584.1825pt>
File: Bilder/IQEohneDotierungVerschAParams.pdf Graphic file (type pdf)

<use Bilder/IQEohneDotierungVerschAParams.pdf>
Package pdftex.def Info: Bilder/IQEohneDotierungVerschAParams.pdf used on input line 8.
(pdftex.def)             Requested size: 204.9466pt x 160.53033pt.
 <Bilder/BeispielIQEbestimmen.pdf, id=119, 655.44875pt x 529.98pt>
File: Bilder/BeispielIQEbestimmen.pdf Graphic file (type pdf)

<use Bilder/BeispielIQEbestimmen.pdf>
Package pdftex.def Info: Bilder/BeispielIQEbestimmen.pdf used on input line 15.
(pdftex.def)             Requested size: 204.9466pt x 165.71538pt.


LaTeX Font Warning: Command \footnotesize invalid in math mode on input line 24.


LaTeX Font Warning: Command \footnotesize invalid in math mode on input line 24.

[19 <./Bilder/IQEohneDotierungVerschAParams.pdf> <./Bilder/BeispielIQEbestimmen.pdf

pdfTeX warning: pdflatex.exe (file ./Bilder/BeispielIQEbestimmen.pdf): PDF inclusion: multiple pdfs with page group incl
uded in a single page
>]) (Kapitel/RaumTempMethGrund.tex
Overfull \hbox (18.30457pt too wide) in paragraph at lines 2--2
[]\T1/cmr/bx/n/17.28 Bestimmung der IQE bei Raum-tem-pe-ra-tur durch
 []

<Bilder/raumtempMethodeBeispielFit.png, id=153, 602.25pt x 408.77719pt>
File: Bilder/raumtempMethodeBeispielFit.png Graphic file (type png)
 <use Bilder/raumtempMethodeBeispielFit.png>
Package pdftex.def Info: Bilder/raumtempMethodeBeispielFit.png used on input line 10.
(pdftex.def)             Requested size: 204.9466pt x 139.10715pt.

<Bilder/raumtempMethodeIQE.png, id=154, 668.4975pt x 440.39531pt>
File: Bilder/raumtempMethodeIQE.png Graphic file (type png)
 <use Bilder/raumtempMethodeIQE.png>
Package pdftex.def Info: Bilder/raumtempMethodeIQE.png used on input line 16.
(pdftex.def)             Requested size: 204.9466pt x 135.01587pt.
 [20 <./Bilder/raumtempMethodeBeispielFit.png> <./Bilder/raumtempMethodeIQE.png>]
Underfull \vbox (badness 10000) has occurred while \output is active []

 [21]) (Kapitel/GrundlagenPolarisation.tex
<Bilder/vancebandPlot.png, id=164, 390.7398pt x 316.0608pt>
File: Bilder/vancebandPlot.png Graphic file (type png)
 <use Bilder/vancebandPlot.png>
Package pdftex.def Info: Bilder/vancebandPlot.png used on input line 11.
(pdftex.def)             Requested size: 204.9466pt x 165.77525pt.

<Bilder/martinTETM.png, id=165, 477.4638pt x 198.5016pt>
File: Bilder/martinTETM.png Graphic file (type png)
 <use Bilder/martinTETM.png>
Package pdftex.def Info: Bilder/martinTETM.png used on input line 18.
(pdftex.def)             Requested size: 204.9466pt x 85.2056pt.

<Bilder/christophPolarisationSimu.png, id=166, 526.6074pt x 394.1124pt>
File: Bilder/christophPolarisationSimu.png Graphic file (type png)
 <use Bilder/christophPolarisationSimu.png>
Package pdftex.def Info: Bilder/christophPolarisationSimu.png used on input line 32.
(pdftex.def)             Requested size: 250.95476pt x 187.8127pt.
LaTeX Font Info:    Try loading font information for OMS+cmr on input line 34.

("C:\Program Files\MiKTeX 2.9\tex\latex\base\omscmr.fd"
File: omscmr.fd 2014/09/29 v2.5h Standard LaTeX font definitions
)
LaTeX Font Info:    Font shape `OMS/cmr/m/n' in size <10.95> not available
(Font)              Font shape `OMS/cmsy/m/n' tried instead on input line 34.

<Bilder/christophPolarisationSimu1.png, id=167, 443.7378pt x 498.663pt>
File: Bilder/christophPolarisationSimu1.png Graphic file (type png)
 <use Bilder/christophPolarisationSimu1.png>
Package pdftex.def Info: Bilder/christophPolarisationSimu1.png used on input line 46.
(pdftex.def)             Requested size: 167.2989pt x 188.00255pt.
LaTeX Font Info:    Font shape `OMS/cmr/m/n' in size <12> not available
(Font)              Font shape `OMS/cmsy/m/n' tried instead on input line 56.

<Bilder/exemplPolGraph.png, id=168, 506.8536pt x 301.6068pt>
File: Bilder/exemplPolGraph.png Graphic file (type png)
 <use Bilder/exemplPolGraph.png>
Package pdftex.def Info: Bilder/exemplPolGraph.png used on input line 61.
(pdftex.def)             Requested size: 250.95476pt x 149.33034pt.
 [22 <./Bilder/vancebandPlot.png> <./Bilder/martinTETM.png>] [23 <./Bilder/christophPolarisationSimu.png>] [24 <./Bilder
/christophPolarisationSimu1.png>]) (Kapitel/Aufbau.tex [25 <./Bilder/exemplPolGraph.png>] [26]
Kapitel 3.
<Bilder/aufbauPL.png, id=190, 1750.54pt x 997.7275pt>
File: Bilder/aufbauPL.png Graphic file (type png)
 <use Bilder/aufbauPL.png>
Package pdftex.def Info: Bilder/aufbauPL.png used on input line 12.
(pdftex.def)             Requested size: 334.60422pt x 190.69676pt.
 [27

 <./Bilder/aufbauPL.png>]
Underfull \vbox (badness 10000) has occurred while \output is active []

 [28]
<Bilder/aufbauPol.png, id=198, 1750.54pt x 1000.73875pt>
File: Bilder/aufbauPol.png Graphic file (type png)
 <use Bilder/aufbauPol.png>
Package pdftex.def Info: Bilder/aufbauPol.png used on input line 39.
(pdftex.def)             Requested size: 334.60422pt x 191.27232pt.
) (Kapitel/AufbauWeiteres.tex
[29 <./Bilder/aufbauPol.png>] <Bilder/uvsilicaDegradation.png, id=203, 448.074pt x 284.56313pt>
File: Bilder/uvsilicaDegradation.png Graphic file (type png)

<use Bilder/uvsilicaDegradation.png>
Package pdftex.def Info: Bilder/uvsilicaDegradation.png used on input line 10.
(pdftex.def)             Requested size: 204.9466pt x 130.15813pt.
 <Bilder/uvsilicavergleich.pdf, id=204, 630.355pt x 502.87875pt>
File: Bilder/uvsilicavergleich.pdf Graphic file (type pdf)

<use Bilder/uvsilicavergleich.pdf>
Package pdftex.def Info: Bilder/uvsilicavergleich.pdf used on input line 24.
(pdftex.def)             Requested size: 150.56798pt x 120.11786pt.
 <Bilder/uvsilicaVergleichSkaliert.pdf, id=205, 751.80875pt x 580.1675pt>
File: Bilder/uvsilicaVergleichSkaliert.pdf Graphic file (type pdf)

<use Bilder/uvsilicaVergleichSkaliert.pdf>
Package pdftex.def Info: Bilder/uvsilicaVergleichSkaliert.pdf used on input line 31.
(pdftex.def)             Requested size: 150.56798pt x 116.19078pt.
 [30 <./Bilder/uvsilicaDegradation.png>]) (Kapitel/AufbauVerbesserung.tex
[31 <./Bilder/uvsilicavergleich.pdf> <./Bilder/uvsilicaVergleichSkaliert.pdf

pdfTeX warning: pdflatex.exe (file ./Bilder/uvsilicaVergleichSkaliert.pdf): PDF inclusion: multiple pdfs with page group
 included in a single page
>] <Bilder/AuswertungNovemeberKorr1VergleichFilter.pdf, id=218, 673.51625pt x 590.205pt>
File: Bilder/AuswertungNovemeberKorr1VergleichFilter.pdf Graphic file (type pdf)

<use Bilder/AuswertungNovemeberKorr1VergleichFilter.pdf>
Package pdftex.def Info: Bilder/AuswertungNovemeberKorr1VergleichFilter.pdf used on input line 10.
(pdftex.def)             Requested size: 204.9466pt x 179.59349pt.
) (Kapitel/GrundlagenPLtrueIQE.tex [32 <./Bilder/AuswertungNovemeberKorr1VergleichFilter.pdf>] [33] [34

]
Kapitel 4.
<Bilder/AugerBei5K.pdf, id=243, 774.895pt x 593.21625pt>
File: Bilder/AugerBei5K.pdf Graphic file (type pdf)
 <use Bilder/AugerBei5K.pdf>
Package pdftex.def Info: Bilder/AugerBei5K.pdf used on input line 10.
(pdftex.def)             Requested size: 204.9466pt x 156.8938pt.

Underfull \hbox (badness 2302) in paragraph at lines 11--11
\T1/cmr/m/n/10.95 in Ab-hän-gig-keit der An-re-gungs-leis-tung-
 []

<Bilder/NormierteKorrgierteIQE5K.pdf, id=244, 774.895pt x 593.21625pt>
File: Bilder/NormierteKorrgierteIQE5K.pdf Graphic file (type pdf)
 <use Bilder/NormierteKorrgierteIQE5K.pdf>
Package pdftex.def Info: Bilder/NormierteKorrgierteIQE5K.pdf used on input line 17.
(pdftex.def)             Requested size: 204.9466pt x 156.8938pt.

[35 <./Bilder/AugerBei5K.pdf> <./Bilder/NormierteKorrgierteIQE5K.pdf

pdfTeX warning: pdflatex.exe (file ./Bilder/NormierteKorrgierteIQE5K.pdf): PDF inclusion: multiple pdfs with page group 
included in a single page
>] <Bilder/KorrigierteIQE300K.pdf, id=281, 774.895pt x 593.21625pt>
File: Bilder/KorrigierteIQE300K.pdf Graphic file (type pdf)
 <use Bilder/KorrigierteIQE300K.pdf>
Package pdftex.def Info: Bilder/KorrigierteIQE300K.pdf used on input line 41.
(pdftex.def)             Requested size: 204.9466pt x 156.8938pt.
 [36 <./Bilder/KorrigierteIQE300K.pdf>]) (Kapitel/IQEmitDotierung.tex
File: Bilder/IQEohneDotierungVerschAParams.pdf Graphic file (type pdf)
 <use Bilder/IQEohneDotierungVerschAParams.pdf>
Package pdftex.def Info: Bilder/IQEohneDotierungVerschAParams.pdf used on input line 8.
(pdftex.def)             Requested size: 204.9466pt x 160.53033pt.

<Bilder/IQEmitDotierungVerschAParams.pdf, id=299, 549.05125pt x 431.6125pt>
File: Bilder/IQEmitDotierungVerschAParams.pdf Graphic file (type pdf)

<use Bilder/IQEmitDotierungVerschAParams.pdf>
Package pdftex.def Info: Bilder/IQEmitDotierungVerschAParams.pdf used on input line 15.
(pdftex.def)             Requested size: 204.9466pt x 161.11008pt.

Underfull \vbox (badness 10000) has occurred while \output is active []

 [37]
Underfull \vbox (badness 2680) has occurred while \output is active []

 [38 <./Bilder/IQEmitDotierungVerschAParams.pdf>])
(Kapitel/ErgebnissePolarisation.tex
Overfull \hbox (3.06784pt too wide) in paragraph at lines 3--3
[]\T1/cmr/bx/n/17.28 Untersuchung der op-ti-schen Po-la-ri-sa-ti-on an Al-
 []


Underfull \vbox (badness 10000) has occurred while \output is active []

 [39]
<Bilder/spektrenAlvariation.pdf, id=335, 653.44125pt x 554.07pt>
File: Bilder/spektrenAlvariation.pdf Graphic file (type pdf)
 <use Bilder/spektrenAlvariation.pdf>
Package pdftex.def Info: Bilder/spektrenAlvariation.pdf used on input line 17.
(pdftex.def)             Requested size: 204.9466pt x 173.77208pt.

<Bilder/polarisationAlvariation.pdf, id=336, 658.46pt x 514.92375pt>
File: Bilder/polarisationAlvariation.pdf Graphic file (type pdf)
 <use Bilder/polarisationAlvariation.pdf>
Package pdftex.def Info: Bilder/polarisationAlvariation.pdf used on input line 24.
(pdftex.def)             Requested size: 204.9466pt x 160.26898pt.
 [40]
<Bilder/spektrenQWvariation.pdf, id=340, 707.64375pt x 563.10374pt>
File: Bilder/spektrenQWvariation.pdf Graphic file (type pdf)
 <use Bilder/spektrenQWvariation.pdf>
Package pdftex.def Info: Bilder/spektrenQWvariation.pdf used on input line 41.
(pdftex.def)             Requested size: 204.9466pt x 163.0811pt.

<Bilder/polarisationDickenvariation.pdf, id=341, 653.44125pt x 506.89375pt>
File: Bilder/polarisationDickenvariation.pdf Graphic file (type pdf)

<use Bilder/polarisationDickenvariation.pdf>
Package pdftex.def Info: Bilder/polarisationDickenvariation.pdf used on input line 48.
(pdftex.def)             Requested size: 204.9466pt x 158.97626pt.
) (Kapitel/ErgebnisseOffcut.tex
Underfull \vbox (badness 10000) has occurred while \output is active []

 [41 <./Bilder/spektrenAlvariation.pdf> <./Bilder/polarisationAlvariation.pdf

pdfTeX warning: pdflatex.exe (file ./Bilder/polarisationAlvariation.pdf): PDF inclusion: multiple pdfs with page group i
ncluded in a single page
>]
Underfull \vbox (badness 10000) has occurred while \output is active []

 [42 <./Bilder/spektrenQWvariation.pdf> <./Bilder/polarisationDickenvariation.pdf

pdfTeX warning: pdflatex.exe (file ./Bilder/polarisationDickenvariation.pdf): PDF inclusion: multiple pdfs with page gro
up included in a single page
>] <Bilder/offcut.png, id=420, 886.512pt x 280.4076pt>
File: Bilder/offcut.png Graphic file (type png)
 <use Bilder/offcut.png>
Package pdftex.def Info: Bilder/offcut.png used on input line 26.
(pdftex.def)             Requested size: 418.25368pt x 132.29646pt.

Underfull \hbox (badness 1102) in paragraph at lines 27--27
[]\T1/cmr/bx/n/10.95 Abbildung 4.10: |\T1/cmr/m/n/10.95 Ein-fluss des Fehlschnitt-Winkels auf das Wachs-tum bei ELO
 []


LaTeX Warning: Reference `fig:schraubenvers' on page 43 undefined on input line 32.

<Bilder/offcutsenkrecht.png, id=421, 166.37157pt x 163.3603pt>
File: Bilder/offcutsenkrecht.png Graphic file (type png)
 <use Bilder/offcutsenkrecht.png>
Package pdftex.def Info: Bilder/offcutsenkrecht.png used on input line 38.
(pdftex.def)             Requested size: 122.9692pt x 120.74513pt.

<Bilder/offcutdiagonal.png, id=422, 169.38281pt x 161.85469pt>
File: Bilder/offcutdiagonal.png Graphic file (type png)
 <use Bilder/offcutdiagonal.png>
Package pdftex.def Info: Bilder/offcutdiagonal.png used on input line 44.
(pdftex.def)             Requested size: 122.9692pt x 117.50833pt.
 [43] [44 <./Bilder/offcut.png>] <Bilder/TS4045/ts4045.png, id=431, 872.058pt x 427.3566pt>
File: Bilder/TS4045/ts4045.png Graphic file (type png)
 <use Bilder/TS4045/ts4045.png>
Package pdftex.def Info: Bilder/TS4045/ts4045.png used on input line 56.
(pdftex.def)             Requested size: 418.25368pt x 204.97232pt.

<Bilder/TS4045/aelo.pdf, id=432, 667.49374pt x 529.98pt>
File: Bilder/TS4045/aelo.pdf Graphic file (type pdf)
 <use Bilder/TS4045/aelo.pdf>
Package pdftex.def Info: Bilder/TS4045/aelo.pdf used on input line 68.
(pdftex.def)             Requested size: 167.2989pt x 132.8343pt.

<Bilder/TS4045/belo.pdf, id=433, 667.49374pt x 529.98pt>
File: Bilder/TS4045/belo.pdf Graphic file (type pdf)
 <use Bilder/TS4045/belo.pdf>
Package pdftex.def Info: Bilder/TS4045/belo.pdf used on input line 73.
(pdftex.def)             Requested size: 167.2989pt x 132.8343pt.

<Bilder/TS4045/celo.pdf, id=434, 667.49374pt x 529.98pt>
File: Bilder/TS4045/celo.pdf Graphic file (type pdf)
 <use Bilder/TS4045/celo.pdf>
Package pdftex.def Info: Bilder/TS4045/celo.pdf used on input line 78.
(pdftex.def)             Requested size: 167.2989pt x 132.8343pt.

<Bilder/TS4045/intRT.pdf, id=435, 636.3775pt x 491.8375pt>
File: Bilder/TS4045/intRT.pdf Graphic file (type pdf)
 <use Bilder/TS4045/intRT.pdf>
Package pdftex.def Info: Bilder/TS4045/intRT.pdf used on input line 92.
(pdftex.def)             Requested size: 204.9466pt x 158.39685pt.

Underfull \hbox (badness 1348) in paragraph at lines 93--93
\T1/cmr/m/n/10.95 dich-te bei Raum-tem-pe-ra-tur in doppelt-
 []

<Bilder/TS4045/intTT.pdf, id=436, 645.41125pt x 491.8375pt>
File: Bilder/TS4045/intTT.pdf Graphic file (type pdf)
 <use Bilder/TS4045/intTT.pdf>
Package pdftex.def Info: Bilder/TS4045/intTT.pdf used on input line 99.
(pdftex.def)             Requested size: 204.9466pt x 156.17543pt.

<Bilder/TS4045/corrIQERT.pdf, id=437, 631.35875pt x 491.8375pt>
File: Bilder/TS4045/corrIQERT.pdf Graphic file (type pdf)
 <use Bilder/TS4045/corrIQERT.pdf>
Package pdftex.def Info: Bilder/TS4045/corrIQERT.pdf used on input line 112.
(pdftex.def)             Requested size: 204.9466pt x 159.65767pt.

<Bilder/TS4045/IQETT.pdf, id=438, 774.895pt x 593.21625pt>
File: Bilder/TS4045/IQETT.pdf Graphic file (type pdf)
 <use Bilder/TS4045/IQETT.pdf>
Package pdftex.def Info: Bilder/TS4045/IQETT.pdf used on input line 119.
(pdftex.def)             Requested size: 204.9466pt x 156.8938pt.
 [45 <./Bilder/offcutsenkrecht.png> <./Bilder/offcutdiagonal.png> <./Bilder/TS4045/ts4045.png>] [46 <./Bilder/TS4045/ael
o.pdf> <./Bilder/TS4045/belo.pdf

pdfTeX warning: pdflatex.exe (file ./Bilder/TS4045/belo.pdf): PDF inclusion: multiple pdfs with page group included in a
 single page
> <./Bilder/TS4045/celo.pdf

pdfTeX warning: pdflatex.exe (file ./Bilder/TS4045/celo.pdf): PDF inclusion: multiple pdfs with page group included in a
 single page
>] <Bilder/TS4045/aELOafm.png, id=479, 204.2832pt x 204.765pt>
File: Bilder/TS4045/aELOafm.png Graphic file (type png)
 <use Bilder/TS4045/aELOafm.png>
Package pdftex.def Info: Bilder/TS4045/aELOafm.png used on input line 131.
(pdftex.def)             Requested size: 125.47737pt x 125.77193pt.

<Bilder/TS4045/bELOafm.png, id=480, 204.765pt x 204.765pt>
File: Bilder/TS4045/bELOafm.png Graphic file (type png)
 <use Bilder/TS4045/bELOafm.png>
Package pdftex.def Info: Bilder/TS4045/bELOafm.png used on input line 131.
(pdftex.def)             Requested size: 125.47737pt x 125.48135pt.

<Bilder/TS4045/cELOlimi.png, id=481, 204.765pt x 203.8014pt>
File: Bilder/TS4045/cELOlimi.png Graphic file (type png)
 <use Bilder/TS4045/cELOlimi.png>
Package pdftex.def Info: Bilder/TS4045/cELOlimi.png used on input line 131.
(pdftex.def)             Requested size: 125.47737pt x 124.89085pt.

<Bilder/TS4045/aELOcl2.png, id=482, 217.2918pt x 217.2918pt>
File: Bilder/TS4045/aELOcl2.png Graphic file (type png)
 <use Bilder/TS4045/aELOcl2.png>
Package pdftex.def Info: Bilder/TS4045/aELOcl2.png used on input line 133.
(pdftex.def)             Requested size: 125.47737pt x 125.4756pt.

<Bilder/TS4045/bELOcl2.png, id=483, 190.7928pt x 190.7928pt>
File: Bilder/TS4045/bELOcl2.png Graphic file (type png)
 <use Bilder/TS4045/bELOcl2.png>
Package pdftex.def Info: Bilder/TS4045/bELOcl2.png used on input line 133.
(pdftex.def)             Requested size: 125.47737pt x 125.4782pt.

<Bilder/TS4045/cELOcl2.png, id=484, 217.2918pt x 217.2918pt>
File: Bilder/TS4045/cELOcl2.png Graphic file (type png)
 <use Bilder/TS4045/cELOcl2.png>
Package pdftex.def Info: Bilder/TS4045/cELOcl2.png used on input line 133.
(pdftex.def)             Requested size: 125.47737pt x 125.4756pt.

<Bilder/TS4045/aELOcl1.png, id=485, 217.2918pt x 217.2918pt>
File: Bilder/TS4045/aELOcl1.png Graphic file (type png)
 <use Bilder/TS4045/aELOcl1.png>
Package pdftex.def Info: Bilder/TS4045/aELOcl1.png used on input line 135.
(pdftex.def)             Requested size: 125.47737pt x 125.4756pt.

<Bilder/TS4045/bELOcl1.png, id=486, 205.2468pt x 205.2468pt>
File: Bilder/TS4045/bELOcl1.png Graphic file (type png)
 <use Bilder/TS4045/bELOcl1.png>
Package pdftex.def Info: Bilder/TS4045/bELOcl1.png used on input line 135.
(pdftex.def)             Requested size: 125.47737pt x 125.47908pt.

<Bilder/TS4045/cELOcl1.png, id=487, 217.2918pt x 217.2918pt>
File: Bilder/TS4045/cELOcl1.png Graphic file (type png)
 <use Bilder/TS4045/cELOcl1.png>
Package pdftex.def Info: Bilder/TS4045/cELOcl1.png used on input line 135.
(pdftex.def)             Requested size: 125.47737pt x 125.4756pt.
 [47 <./Bilder/TS4045/intRT.pdf> <./Bilder/TS4045/intTT.pdf

pdfTeX warning: pdflatex.exe (file ./Bilder/TS4045/intTT.pdf): PDF inclusion: multiple pdfs with page group included in 
a single page
> <./Bilder/TS4045/corrIQERT.pdf

pdfTeX warning: pdflatex.exe (file ./Bilder/TS4045/corrIQERT.pdf): PDF inclusion: multiple pdfs with page group included
 in a single page
> <./Bilder/TS4045/IQETT.pdf

pdfTeX warning: pdflatex.exe (file ./Bilder/TS4045/IQETT.pdf): PDF inclusion: multiple pdfs with page group included in 
a single page
>]
Underfull \vbox (badness 10000) has occurred while \output is active []

 [48] [49 <./Bilder/TS4045/aELOafm.png> <./Bilder/TS4045/bELOafm.png> <./Bilder/TS4045/cELOlimi.png> <./Bilder/TS4045/aE
LOcl2.png> <./Bilder/TS4045/bELOcl2.png> <./Bilder/TS4045/cELOcl2.png> <./Bilder/TS4045/aELOcl1.png> <./Bilder/TS4045/bE
LOcl1.png> <./Bilder/TS4045/cELOcl1.png>]
Underfull \vbox (badness 10000) has occurred while \output is active []

 [50]
<Bilder/TS4048/ts4048.png, id=566, 870.1308pt x 427.3566pt>
File: Bilder/TS4048/ts4048.png Graphic file (type png)
 <use Bilder/TS4048/ts4048.png>
Package pdftex.def Info: Bilder/TS4048/ts4048.png used on input line 152.
(pdftex.def)             Requested size: 418.25368pt x 205.41576pt.

<Bilder/TS4048/aslelo.pdf, id=567, 667.49374pt x 529.98pt>
File: Bilder/TS4048/aslelo.pdf Graphic file (type pdf)
 <use Bilder/TS4048/aslelo.pdf>
Package pdftex.def Info: Bilder/TS4048/aslelo.pdf used on input line 163.
(pdftex.def)             Requested size: 167.2989pt x 132.8343pt.

<Bilder/TS4048/bslelo.pdf, id=568, 667.49374pt x 529.98pt>
File: Bilder/TS4048/bslelo.pdf Graphic file (type pdf)
 <use Bilder/TS4048/bslelo.pdf>
Package pdftex.def Info: Bilder/TS4048/bslelo.pdf used on input line 168.
(pdftex.def)             Requested size: 167.2989pt x 132.8343pt.

<Bilder/TS4048/cslelo.pdf, id=569, 667.49374pt x 528.97626pt>
File: Bilder/TS4048/cslelo.pdf Graphic file (type pdf)
 <use Bilder/TS4048/cslelo.pdf>
Package pdftex.def Info: Bilder/TS4048/cslelo.pdf used on input line 173.
(pdftex.def)             Requested size: 167.2989pt x 132.58273pt.

<Bilder/TS4048/intRT.pdf, id=570, 610.28pt x 498.86375pt>
File: Bilder/TS4048/intRT.pdf Graphic file (type pdf)
 <use Bilder/TS4048/intRT.pdf>
Package pdftex.def Info: Bilder/TS4048/intRT.pdf used on input line 186.
(pdftex.def)             Requested size: 204.9466pt x 167.53334pt.

Underfull \hbox (badness 1348) in paragraph at lines 187--187
\T1/cmr/m/n/10.95 dich-te bei Raum-tem-pe-ra-tur in doppelt-
 []

<Bilder/TS4048/intTT.pdf, id=571, 621.32124pt x 494.84875pt>
File: Bilder/TS4048/intTT.pdf Graphic file (type pdf)
 <use Bilder/TS4048/intTT.pdf>
Package pdftex.def Info: Bilder/TS4048/intTT.pdf used on input line 192.
(pdftex.def)             Requested size: 204.9466pt x 163.22508pt.
 [51 <./Bilder/TS4048/ts4048.png>]
Underfull \vbox (badness 10000) has occurred while \output is active []

 [52 <./Bilder/TS4048/aslelo.pdf> <./Bilder/TS4048/bslelo.pdf

pdfTeX warning: pdflatex.exe (file ./Bilder/TS4048/bslelo.pdf): PDF inclusion: multiple pdfs with page group included in
 a single page
> <./Bilder/TS4048/cslelo.pdf

pdfTeX warning: pdflatex.exe (file ./Bilder/TS4048/cslelo.pdf): PDF inclusion: multiple pdfs with page group included in
 a single page
>]

LaTeX Warning: Reference `fig:intttrtsl' on page 53 undefined on input line 199.

<Bilder/TS4048/corrIQERT.pdf, id=616, 631.35875pt x 494.84875pt>
File: Bilder/TS4048/corrIQERT.pdf Graphic file (type pdf)
 <use Bilder/TS4048/corrIQERT.pdf>
Package pdftex.def Info: Bilder/TS4048/corrIQERT.pdf used on input line 205.
(pdftex.def)             Requested size: 204.9466pt x 160.63516pt.

<Bilder/TS4048/IQETT.pdf, id=617, 742.775pt x 585.18625pt>
File: Bilder/TS4048/IQETT.pdf Graphic file (type pdf)
 <use Bilder/TS4048/IQETT.pdf>
Package pdftex.def Info: Bilder/TS4048/IQETT.pdf used on input line 212.
(pdftex.def)             Requested size: 204.9466pt x 161.458pt.

<Bilder/TS4048/aSLELOafm.png, id=618, 290.5254pt x 290.5254pt>
File: Bilder/TS4048/aSLELOafm.png Graphic file (type png)
 <use Bilder/TS4048/aSLELOafm.png>
Package pdftex.def Info: Bilder/TS4048/aSLELOafm.png used on input line 223.
(pdftex.def)             Requested size: 125.47737pt x 125.47762pt.

<Bilder/TS4048/bSLELOafm.png, id=619, 290.5254pt x 290.0436pt>
File: Bilder/TS4048/bSLELOafm.png Graphic file (type png)
 <use Bilder/TS4048/bSLELOafm.png>
Package pdftex.def Info: Bilder/TS4048/bSLELOafm.png used on input line 223.
(pdftex.def)             Requested size: 125.47737pt x 125.26952pt.

<Bilder/TS4048/cSLELOafm.png, id=620, 290.0436pt x 290.5254pt>
File: Bilder/TS4048/cSLELOafm.png Graphic file (type png)
 <use Bilder/TS4048/cSLELOafm.png>
Package pdftex.def Info: Bilder/TS4048/cSLELOafm.png used on input line 223.
(pdftex.def)             Requested size: 125.47737pt x 125.68596pt.

<Bilder/TS4048/aSLELOcl2.png, id=621, 214.401pt x 214.401pt>
File: Bilder/TS4048/aSLELOcl2.png Graphic file (type png)
 <use Bilder/TS4048/aSLELOcl2.png>
Package pdftex.def Info: Bilder/TS4048/aSLELOcl2.png used on input line 225.
(pdftex.def)             Requested size: 125.47737pt x 125.47804pt.

<Bilder/TS4048/bSLELOcl2.png, id=622, 220.6644pt x 223.0734pt>
File: Bilder/TS4048/bSLELOcl2.png Graphic file (type png)
 <use Bilder/TS4048/bSLELOcl2.png>
Package pdftex.def Info: Bilder/TS4048/bSLELOcl2.png used on input line 225.
(pdftex.def)             Requested size: 125.47737pt x 126.8502pt.

<Bilder/TS4048/cSLELOcl2.png, id=623, 226.9278pt x 226.9278pt>
File: Bilder/TS4048/cSLELOcl2.png Graphic file (type png)
 <use Bilder/TS4048/cSLELOcl2.png>
Package pdftex.def Info: Bilder/TS4048/cSLELOcl2.png used on input line 225.
(pdftex.def)             Requested size: 125.47737pt x 125.47894pt.

<Bilder/TS4048/aSLELOcl1.png, id=624, 210.0648pt x 210.0648pt>
File: Bilder/TS4048/aSLELOcl1.png Graphic file (type png)
 <use Bilder/TS4048/aSLELOcl1.png>
Package pdftex.def Info: Bilder/TS4048/aSLELOcl1.png used on input line 227.
(pdftex.def)             Requested size: 125.47737pt x 125.47571pt.

<Bilder/TS4048/bSLELOcl1.png, id=625, 220.1826pt x 220.1826pt>
File: Bilder/TS4048/bSLELOcl1.png Graphic file (type png)
 <use Bilder/TS4048/bSLELOcl1.png>
Package pdftex.def Info: Bilder/TS4048/bSLELOcl1.png used on input line 227.
(pdftex.def)             Requested size: 125.47737pt x 125.4785pt.

<Bilder/TS4048/cSLELOcl1.png, id=626, 223.0734pt x 223.5552pt>
File: Bilder/TS4048/cSLELOcl1.png Graphic file (type png)
 <use Bilder/TS4048/cSLELOcl1.png>
Package pdftex.def Info: Bilder/TS4048/cSLELOcl1.png used on input line 227.
(pdftex.def)             Requested size: 125.47737pt x 125.74948pt.
 [53 <./Bilder/TS4048/intRT.pdf> <./Bilder/TS4048/intTT.pdf

pdfTeX warning: pdflatex.exe (file ./Bilder/TS4048/intTT.pdf): PDF inclusion: multiple pdfs with page group included in 
a single page
> <./Bilder/TS4048/corrIQERT.pdf

pdfTeX warning: pdflatex.exe (file ./Bilder/TS4048/corrIQERT.pdf): PDF inclusion: multiple pdfs with page group included
 in a single page
> <./Bilder/TS4048/IQETT.pdf

pdfTeX warning: pdflatex.exe (file ./Bilder/TS4048/IQETT.pdf): PDF inclusion: multiple pdfs with page group included in 
a single page
>]
Underfull \vbox (badness 10000) has occurred while \output is active []

 [54]
<Bilder/TS4048/cSLELOmonocllow.png, id=686, 277.5168pt x 275.5896pt>
File: Bilder/TS4048/cSLELOmonocllow.png Graphic file (type png)
 <use Bilder/TS4048/cSLELOmonocllow.png>
Package pdftex.def Info: Bilder/TS4048/cSLELOmonocllow.png used on input line 239.
(pdftex.def)             Requested size: 143.46199pt x 142.46217pt.

<Bilder/TS4048/cSLELOmonoclpeak.png, id=687, 277.035pt x 274.626pt>
File: Bilder/TS4048/cSLELOmonoclpeak.png Graphic file (type png)
 <use Bilder/TS4048/cSLELOmonoclpeak.png>
Package pdftex.def Info: Bilder/TS4048/cSLELOmonoclpeak.png used on input line 245.
(pdftex.def)             Requested size: 143.46199pt x 142.21548pt.
 [55 <./Bilder/TS4048/aSLELOafm.png> <./Bilder/TS4048/bSLELOafm.png> <./Bilder/TS4048/cSLELOafm.png> <./Bilder/TS4048/aS
LELOcl2.png> <./Bilder/TS4048/bSLELOcl2.png> <./Bilder/TS4048/cSLELOcl2.png> <./Bilder/TS4048/aSLELOcl1.png> <./Bilder/T
S4048/bSLELOcl1.png> <./Bilder/TS4048/cSLELOcl1.png>] [56 <./Bilder/TS4048/cSLELOmonocllow.png> <./Bilder/TS4048/cSLELOm
onoclpeak.png>]) (Kapitel/ErgebnisseMQW.tex [57] <Bilder/MQWdickenSerie/undotiert.png, id=709, 862.422pt x 427.3566pt>
File: Bilder/MQWdickenSerie/undotiert.png Graphic file (type png)

<use Bilder/MQWdickenSerie/undotiert.png>
Package pdftex.def Info: Bilder/MQWdickenSerie/undotiert.png used on input line 10.
(pdftex.def)             Requested size: 204.9466pt x 101.55693pt.
 <Bilder/MQWdickenSerie/dotiert.png, id=710, 862.422pt x 427.3566pt>
File: Bilder/MQWdickenSerie/dotiert.png Graphic file (type png)

<use Bilder/MQWdickenSerie/dotiert.png>
Package pdftex.def Info: Bilder/MQWdickenSerie/dotiert.png used on input line 17.
(pdftex.def)             Requested size: 204.9466pt x 101.55693pt.
 <Bilder/MQWdickenSerie/spektrumUndotiert.png, id=711, 356.0502pt x 290.5254pt>
File: Bilder/MQWdickenSerie/spektrumUndotiert.png Graphic file (type png)

<use Bilder/MQWdickenSerie/spektrumUndotiert.png>
Package pdftex.def Info: Bilder/MQWdickenSerie/spektrumUndotiert.png used on input line 33.
(pdftex.def)             Requested size: 204.9466pt x 167.22812pt.

<Bilder/MQWdickenSerie/spektrumDotiert.png, id=712, 355.0866pt x 293.898pt>
File: Bilder/MQWdickenSerie/spektrumDotiert.png Graphic file (type png)

<use Bilder/MQWdickenSerie/spektrumDotiert.png>
Package pdftex.def Info: Bilder/MQWdickenSerie/spektrumDotiert.png used on input line 40.
(pdftex.def)             Requested size: 204.9466pt x 169.6313pt.

Overfull \hbox (23.62132pt too wide) in paragraph at lines 22--44
\T1/cmr/m/n/12 cken mit do-tier-ter-ten und un-do-tier-ter-ten Bar-rie-ren. Mit Hil-fe der UV-Photolumineszenz
 []

[58 <./Bilder/MQWdickenSerie/undotiert.png> <./Bilder/MQWdickenSerie/dotiert.png>]
<Bilder/MQWdickenSerie/intTTundotiert.png, id=718, 398.9304pt x 341.1144pt>
File: Bilder/MQWdickenSerie/intTTundotiert.png Graphic file (type png)

<use Bilder/MQWdickenSerie/intTTundotiert.png>
Package pdftex.def Info: Bilder/MQWdickenSerie/intTTundotiert.png used on input line 54.
(pdftex.def)             Requested size: 204.9466pt x 175.24644pt.

Underfull \hbox (badness 1337) in paragraph at lines 55--55
[]\T1/cmr/bx/n/10.95 Abbildung 4.34: |\T1/cmr/m/n/10.95 In-te-grier-te In-ten-si-tät
 []


Underfull \hbox (badness 1072) in paragraph at lines 55--55
\T1/cmr/m/n/10.95 in dop-pelt-lo-ga-rith-mi-scher Dar-stel-lung in
 []

<Bilder/MQWdickenSerie/intTTdotierte.png, id=719, 398.9304pt x 341.1144pt>
File: Bilder/MQWdickenSerie/intTTdotierte.png Graphic file (type png)

<use Bilder/MQWdickenSerie/intTTdotierte.png>
Package pdftex.def Info: Bilder/MQWdickenSerie/intTTdotierte.png used on input line 61.
(pdftex.def)             Requested size: 204.9466pt x 175.24644pt.

Underfull \hbox (badness 1337) in paragraph at lines 62--62
[]\T1/cmr/bx/n/10.95 Abbildung 4.35: |\T1/cmr/m/n/10.95 In-te-grier-te In-ten-si-tät
 []


Underfull \hbox (badness 1072) in paragraph at lines 62--62
\T1/cmr/m/n/10.95 in dop-pelt-lo-ga-rith-mi-scher Dar-stel-lung in
 []


Underfull \vbox (badness 10000) has occurred while \output is active []

 [59 <./Bilder/MQWdickenSerie/spektrumUndotiert.png> <./Bilder/MQWdickenSerie/spektrumDotiert.png>]
<Bilder/MQWdickenSerie/PeakEnergieUndotiert.png, id=725, 391.7034pt x 332.442pt>
File: Bilder/MQWdickenSerie/PeakEnergieUndotiert.png Graphic file (type png)

<use Bilder/MQWdickenSerie/PeakEnergieUndotiert.png>
Package pdftex.def Info: Bilder/MQWdickenSerie/PeakEnergieUndotiert.png used on input line 77.
(pdftex.def)             Requested size: 204.9466pt x 173.94623pt.

<Bilder/MQWdickenSerie/PeakEnergieDotiert.png, id=726, 390.258pt x 330.033pt>
File: Bilder/MQWdickenSerie/PeakEnergieDotiert.png Graphic file (type png)

<use Bilder/MQWdickenSerie/PeakEnergieDotiert.png>
Package pdftex.def Info: Bilder/MQWdickenSerie/PeakEnergieDotiert.png used on input line 84.
(pdftex.def)             Requested size: 204.9466pt x 173.32027pt.

Underfull \vbox (badness 10000) has occurred while \output is active []

 [60 <./Bilder/MQWdickenSerie/intTTundotiert.png> <./Bilder/MQWdickenSerie/intTTdotierte.png>] <Bilder/MQWdickenSerie/IQ
Eundotiert.png, id=732, 483.7272pt x 423.0204pt>
File: Bilder/MQWdickenSerie/IQEundotiert.png Graphic file (type png)

<use Bilder/MQWdickenSerie/IQEundotiert.png>
Package pdftex.def Info: Bilder/MQWdickenSerie/IQEundotiert.png used on input line 99.
(pdftex.def)             Requested size: 204.9466pt x 179.22295pt.
 <Bilder/MQWdickenSerie/IQEdotiert.png, id=733, 483.7272pt x 428.802pt>
File: Bilder/MQWdickenSerie/IQEdotiert.png Graphic file (type png)

<use Bilder/MQWdickenSerie/IQEdotiert.png>
Package pdftex.def Info: Bilder/MQWdickenSerie/IQEdotiert.png used on input line 106.
(pdftex.def)             Requested size: 204.9466pt x 181.67247pt.

Underfull \vbox (badness 10000) has occurred while \output is active []

 [61 <./Bilder/MQWdickenSerie/PeakEnergieUndotiert.png> <./Bilder/MQWdickenSerie/PeakEnergieDotiert.png>]
<Bilder/MQWdickenSerie/Simu1.png, id=740, 614.7768pt x 465.4188pt>
File: Bilder/MQWdickenSerie/Simu1.png Graphic file (type png)
 <use Bilder/MQWdickenSerie/Simu1.png>
Package pdftex.def Info: Bilder/MQWdickenSerie/Simu1.png used on input line 122.
(pdftex.def)             Requested size: 204.9466pt x 155.15105pt.

<Bilder/MQWdickenSerie/Simu2.png, id=741, 454.3374pt x 375.3222pt>
File: Bilder/MQWdickenSerie/Simu2.png Graphic file (type png)
 <use Bilder/MQWdickenSerie/Simu2.png>
Package pdftex.def Info: Bilder/MQWdickenSerie/Simu2.png used on input line 129.
(pdftex.def)             Requested size: 204.9466pt x 169.30577pt.

Underfull \vbox (badness 10000) has occurred while \output is active []

 [62 <./Bilder/MQWdickenSerie/IQEundotiert.png> <./Bilder/MQWdickenSerie/IQEdotiert.png>]) (Masterarbeit.bbl [63 <./Bild
er/MQWdickenSerie/Simu1.png> <./Bilder/MQWdickenSerie/Simu2.png>] [64] [65

] [66] [67] [68]) [69] (Masterarbeit.aux)

LaTeX Warning: There were undefined references.


LaTeX Warning: There were multiply-defined labels.

 ) 
Here is how much of TeX's memory you used:
 8565 strings out of 493333
 129875 string characters out of 3139195
 226789 words of memory out of 3000000
 11747 multiletter control sequences out of 15000+200000
 23857 words of font info for 57 fonts, out of 3000000 for 9000
 1141 hyphenation exceptions out of 8191
 59i,15n,94p,2198b,577s stack positions out of 5000i,500n,10000p,200000b,50000s
 <C:\Users\studi\AppData\Local\MiKTeX\2.9\fonts\pk\ljfour\jknappen\ec\dpi600\ecti1200.pk> <C:\Users\studi\AppData\Loca
l\MiKTeX\2.9\fonts\pk\ljfour\jknappen\ec\dpi600\ecbx1000.pk> <C:\Users\studi\AppData\Local\MiKTeX\2.9\fonts\pk\ljfour\jk
nappen\ec\dpi600\ecrm1000.pk> <C:\Users\studi\AppData\Local\MiKTeX\2.9\fonts\pk\ljfour\jknappen\ec\dpi600\ecbx1728.pk> <
C:\Users\studi\AppData\Local\MiKTeX\2.9\fonts\pk\ljfour\jknappen\ec\dpi600\ecrm1095.pk> <C:\Users\studi\AppData\Local\Mi
KTeX\2.9\fonts\pk\ljfour\jknappen\ec\dpi600\ecbx1095.pk> <C:\Users\studi\AppData\Local\MiKTeX\2.9\fonts\pk\ljfour\jknapp
en\ec\dpi600\ecbx1200.pk> <C:\Users\studi\AppData\Local\MiKTeX\2.9\fonts\pk\ljfour\jknappen\ec\dpi600\ecbx2488.pk> <C:\U
sers\studi\AppData\Local\MiKTeX\2.9\fonts\pk\ljfour\jknappen\ec\dpi600\ecti1440.pk> <C:\Users\studi\AppData\Local\MiKTeX
\2.9\fonts\pk\ljfour\jknappen\ec\dpi600\ecbx1440.pk> <C:\Users\studi\AppData\Local\MiKTeX\2.9\fonts\pk\ljfour\jknappen\e
c\dpi600\ecrm1200.pk><C:/Program Files/MiKTeX 2.9/fonts/type1/public/amsfonts/cm/cmex10.pfb><C:/Program Files/MiKTeX 2.9
/fonts/type1/public/amsfonts/cm/cmmi10.pfb><C:/Program Files/MiKTeX 2.9/fonts/type1/public/amsfonts/cm/cmmi12.pfb><C:/Pr
ogram Files/MiKTeX 2.9/fonts/type1/public/amsfonts/cm/cmmi6.pfb><C:/Program Files/MiKTeX 2.9/fonts/type1/public/amsfonts
/cm/cmmi8.pfb><C:/Program Files/MiKTeX 2.9/fonts/type1/public/amsfonts/cm/cmr10.pfb><C:/Program Files/MiKTeX 2.9/fonts/t
ype1/public/amsfonts/cm/cmr12.pfb><C:/Program Files/MiKTeX 2.9/fonts/type1/public/amsfonts/cm/cmr6.pfb><C:/Program Files
/MiKTeX 2.9/fonts/type1/public/amsfonts/cm/cmr8.pfb><C:/Program Files/MiKTeX 2.9/fonts/type1/public/amsfonts/cm/cmsy10.p
fb><C:/Program Files/MiKTeX 2.9/fonts/type1/public/amsfonts/cm/cmsy6.pfb><C:/Program Files/MiKTeX 2.9/fonts/type1/public
/amsfonts/cm/cmsy8.pfb>
Output written on Masterarbeit.pdf (69 pages, 13676639 bytes).
PDF statistics:
 1306 PDF objects out of 1440 (max. 8388607)
 0 named destinations out of 1000 (max. 500000)
 436 words of extra memory for PDF output out of 10000 (max. 10000000)

